<?xml version="1.0" encoding="UTF-8"?>
<testsuite name="Tests" tests="1" skipped="0" failures="0" errors="0" timestamp="2023-02-19T01:10:01" hostname="PC-EXODUS" time="1.901">
  <properties/>
  <testcase name="start" classname="Tests" time="1.901"/>
  <system-out><![CDATA[?[1;31m
Start test 1?[0m
Enter your name: > Bob
Hello, Bob
> 
Okay, let's start
> rock
There is a draw (rock)
> paper
Well done. The computer chose rock and failed
> scissors
There is a draw (scissors)
> paper
There is a draw (paper)
> scissors
There is a draw (scissors)
> rock
Sorry, but the computer chose paper
> paper
Sorry, but the computer chose scissors
> scissors
There is a draw (scissors)
> !exit
Bye!
?[1;31m
Start test 2?[0m
Enter your name: > Bob
Hello, Bob
> 
Okay, let's start
> scissors
Sorry, but the computer chose rock
> scissors
Sorry, but the computer chose rock
> scissors
Well done. The computer chose paper and failed
> !exit
Bye!
?[1;31m
Start test 3?[0m
Enter your name: > Bob
Hello, Bob
> 
Okay, let's start
> rock
There is a draw (rock)
> paper
Sorry, but the computer chose scissors
> paper
Sorry, but the computer chose scissors
> scissors
Well done. The computer chose paper and failed
> blabla
Invalid input
> !exit
Bye!
?[1;31m
Start test 4?[0m
Enter your name: > Bob
Hello, Bob
> 
Okay, let's start
> rock
There is a draw (rock)
> invalid
Invalid input
> !exit
Bye!
?[1;31m
Start test 5?[0m
Enter your name: > Bob
Hello, Bob
> 
Okay, let's start
> rock
There is a draw (rock)
> rock
Well done. The computer chose scissors and failed
> rock
Well done. The computer chose scissors and failed
> rock-n-roll
Invalid input
> !exit
Bye!
?[1;31m
Start test 6?[0m
Enter your name: > Bob
Hello, Bob
> 
Okay, let's start
> rock
Sorry, but the computer chose paper
> rock
Sorry, but the computer chose paper
> rock
Sorry, but the computer chose paper
> rock
Well done. The computer chose scissors and failed
> rock
Sorry, but the computer chose paper
> rock
Sorry, but the computer chose paper
> rock
There is a draw (rock)
> rock
Sorry, but the computer chose paper
> rock
Sorry, but the computer chose paper
> rock
Well done. The computer chose scissors and failed
> rock
Well done. The computer chose scissors and failed
> rock
There is a draw (rock)
> rock
Well done. The computer chose scissors and failed
> rock
Well done. The computer chose scissors and failed
> rock
Sorry, but the computer chose paper
> rock
Sorry, but the computer chose paper
> rock
There is a draw (rock)
> rock
Well done. The computer chose scissors and failed
> rock
There is a draw (rock)
> rock
Sorry, but the computer chose paper
> rock
Well done. The computer chose scissors and failed
> rock
There is a draw (rock)
> rock
Sorry, but the computer chose paper
> rock
Well done. The computer chose scissors and failed
> rock
There is a draw (rock)
> rock
Well done. The computer chose scissors and failed
> rock
Sorry, but the computer chose paper
> rock
There is a draw (rock)
> rock
Sorry, but the computer chose paper
> rock
Well done. The computer chose scissors and failed
> rock
There is a draw (rock)
> rock
Well done. The computer chose scissors and failed
> rock
There is a draw (rock)
> rock
Sorry, but the computer chose paper
> rock
Well done. The computer chose scissors and failed
> rock
Sorry, but the computer chose paper
> rock
There is a draw (rock)
> rock
Sorry, but the computer chose paper
> rock
Well done. The computer chose scissors and failed
> rock
There is a draw (rock)
> rock
There is a draw (rock)
> rock
Sorry, but the computer chose paper
> rock
Sorry, but the computer chose paper
> rock
There is a draw (rock)
> rock
Sorry, but the computer chose paper
> rock
There is a draw (rock)
> rock
Well done. The computer chose scissors and failed
> rock
There is a draw (rock)
> rock
There is a draw (rock)
> rock
There is a draw (rock)
> rock
Well done. The computer chose scissors and failed
> rock
Sorry, but the computer chose paper
> rock
Well done. The computer chose scissors and failed
> rock
Sorry, but the computer chose paper
> rock
Sorry, but the computer chose paper
> rock
Sorry, but the computer chose paper
> rock
There is a draw (rock)
> rock
Sorry, but the computer chose paper
> rock
Well done. The computer chose scissors and failed
> rock
Well done. The computer chose scissors and failed
> rock
There is a draw (rock)
> rock
Well done. The computer chose scissors and failed
> rock
Sorry, but the computer chose paper
> rock
Well done. The computer chose scissors and failed
> rock
There is a draw (rock)
> rock
Sorry, but the computer chose paper
> rock
Sorry, but the computer chose paper
> rock
There is a draw (rock)
> rock
Well done. The computer chose scissors and failed
> rock
There is a draw (rock)
> rock
Well done. The computer chose scissors and failed
> rock
Sorry, but the computer chose paper
> rock
Well done. The computer chose scissors and failed
> rock
Well done. The computer chose scissors and failed
> rock
Well done. The computer chose scissors and failed
> rock
Well done. The computer chose scissors and failed
> rock
There is a draw (rock)
> rock
Well done. The computer chose scissors and failed
> rock
Sorry, but the computer chose paper
> rock
Sorry, but the computer chose paper
> rock
Sorry, but the computer chose paper
> rock
There is a draw (rock)
> rock
There is a draw (rock)
> rock
Well done. The computer chose scissors and failed
> rock
Well done. The computer chose scissors and failed
> rock
There is a draw (rock)
> rock
Well done. The computer chose scissors and failed
> rock
There is a draw (rock)
> rock
Sorry, but the computer chose paper
> rock
Well done. The computer chose scissors and failed
> rock
Sorry, but the computer chose paper
> rock
Well done. The computer chose scissors and failed
> rock
There is a draw (rock)
> rock
Well done. The computer chose scissors and failed
> rock
Sorry, but the computer chose paper
> rock
There is a draw (rock)
> rock
Well done. The computer chose scissors and failed
> rock
There is a draw (rock)
> rock
There is a draw (rock)
> rock
Sorry, but the computer chose paper
> !exit
Bye!
?[1;31m
Start test 7?[0m
Enter your name: > Bob
Hello, Bob
> 
Okay, let's start
> rock
Well done. The computer chose scissors and failed
> rock
Well done. The computer chose scissors and failed
> rock
There is a draw (rock)
> rock
There is a draw (rock)
> rock
Well done. The computer chose scissors and failed
> rock
Well done. The computer chose scissors and failed
> rock
Well done. The computer chose scissors and failed
> rock
Sorry, but the computer chose paper
> rock
Sorry, but the computer chose paper
> rock
There is a draw (rock)
> rock
Well done. The computer chose scissors and failed
> rock
Sorry, but the computer chose paper
> rock
There is a draw (rock)
> rock
There is a draw (rock)
> rock
Sorry, but the computer chose paper
> rock
There is a draw (rock)
> rock
Well done. The computer chose scissors and failed
> rock
Sorry, but the computer chose paper
> rock
Well done. The computer chose scissors and failed
> rock
Well done. The computer chose scissors and failed
> rock
There is a draw (rock)
> rock
There is a draw (rock)
> rock
Sorry, but the computer chose paper
> rock
Sorry, but the computer chose paper
> rock
There is a draw (rock)
> rock
There is a draw (rock)
> rock
Sorry, but the computer chose paper
> rock
There is a draw (rock)
> rock
Well done. The computer chose scissors and failed
> rock
Sorry, but the computer chose paper
> rock
Well done. The computer chose scissors and failed
> rock
There is a draw (rock)
> rock
Well done. The computer chose scissors and failed
> rock
Well done. The computer chose scissors and failed
> rock
Well done. The computer chose scissors and failed
> rock
There is a draw (rock)
> rock
There is a draw (rock)
> rock
Sorry, but the computer chose paper
> rock
There is a draw (rock)
> rock
Sorry, but the computer chose paper
> rock
Sorry, but the computer chose paper
> rock
Well done. The computer chose scissors and failed
> rock
Well done. The computer chose scissors and failed
> rock
Sorry, but the computer chose paper
> rock
There is a draw (rock)
> rock
Well done. The computer chose scissors and failed
> rock
Sorry, but the computer chose paper
> rock
Sorry, but the computer chose paper
> rock
Sorry, but the computer chose paper
> rock
Well done. The computer chose scissors and failed
> rock
Sorry, but the computer chose paper
> rock
There is a draw (rock)
> rock
Sorry, but the computer chose paper
> rock
Well done. The computer chose scissors and failed
> rock
Sorry, but the computer chose paper
> rock
Sorry, but the computer chose paper
> rock
Well done. The computer chose scissors and failed
> rock
Sorry, but the computer chose paper
> rock
Well done. The computer chose scissors and failed
> rock
There is a draw (rock)
> rock
Well done. The computer chose scissors and failed
> rock
Sorry, but the computer chose paper
> rock
Sorry, but the computer chose paper
> rock
Well done. The computer chose scissors and failed
> rock
Well done. The computer chose scissors and failed
> rock
Sorry, but the computer chose paper
> rock
Sorry, but the computer chose paper
> rock
There is a draw (rock)
> rock
There is a draw (rock)
> rock
Sorry, but the computer chose paper
> rock
Sorry, but the computer chose paper
> rock
Well done. The computer chose scissors and failed
> rock
Sorry, but the computer chose paper
> rock
Well done. The computer chose scissors and failed
> rock
Sorry, but the computer chose paper
> rock
Sorry, but the computer chose paper
> rock
There is a draw (rock)
> rock
Well done. The computer chose scissors and failed
> rock
There is a draw (rock)
> rock
Well done. The computer chose scissors and failed
> rock
Sorry, but the computer chose paper
> rock
Sorry, but the computer chose paper
> rock
There is a draw (rock)
> rock
Sorry, but the computer chose paper
> rock
There is a draw (rock)
> rock
Well done. The computer chose scissors and failed
> rock
Sorry, but the computer chose paper
> rock
Sorry, but the computer chose paper
> rock
Sorry, but the computer chose paper
> rock
There is a draw (rock)
> rock
There is a draw (rock)
> rock
Sorry, but the computer chose paper
> rock
Well done. The computer chose scissors and failed
> rock
Well done. The computer chose scissors and failed
> rock
Well done. The computer chose scissors and failed
> rock
There is a draw (rock)
> rock
There is a draw (rock)
> rock
Sorry, but the computer chose paper
> rock
Sorry, but the computer chose paper
> !rating
Your rating: 4950
> !exit
Bye!
?[1;31m
Start test 8?[0m
Enter your name: > Bob
Hello, Bob
> rock,gun,lightning,devil,dragon,water,air,paper,sponge,wolf,tree,human,snake,scissors,fire
Okay, let's start
> lightning
Sorry, but the computer chose devil
> fire
Sorry, but the computer chose dragon
> lightning
Sorry, but the computer chose dragon
> tree
Well done. The computer chose devil and failed
> paper
Well done. The computer chose lightning and failed
> devil
Sorry, but the computer chose water
> wolf
Well done. The computer chose air and failed
> rock
Sorry, but the computer chose water
> tree
Well done. The computer chose dragon and failed
> lightning
Sorry, but the computer chose air
> wolf
There is a draw (wolf)
> gun
Sorry, but the computer chose lightning
> tree
Well done. The computer chose sponge and failed
> dragon
Sorry, but the computer chose human
> fire
Well done. The computer chose scissors and failed
> wolf
Well done. The computer chose paper and failed
> snake
Well done. The computer chose water and failed
> fire
Sorry, but the computer chose devil
> devil
There is a draw (devil)
> sponge
Sorry, but the computer chose human
> !rating
Your rating: 1250
> !exit
Bye!
]]></system-out>
  <system-err><![CDATA[]]></system-err>
</testsuite>
